<?xml version="1.0" encoding="UTF-8"?>
<!-- Generated by org.testng.reporters.JUnitReportReporter -->
<testsuite skipped="0" hostname="DESKTOP-KUVK3PK" name="testngSamplesB1.SampleOneTest" tests="1" failures="0" timestamp="2023-02-25T13:44:38 IST" time="75.553" errors="0">
  <testcase name="javaSearchTest" time="75.553" classname="testngSamplesB1.SampleOneTest"/>
  <system-out/>
</testsuite> <!-- testngSamplesB1.SampleOneTest -->
