<?xml version="1.0" encoding="UTF-8"?>
<!-- Generated by org.testng.reporters.JUnitReportReporter -->
<testsuite skipped="0" hostname="DESKTOP-KUVK3PK" name="testngEx.DanubeSignup" tests="2" failures="0" timestamp="2023-03-01T16:56:45 IST" time="19.939" errors="0">
  <testcase name="signUp" time="9.433" classname="testngEx.DanubeSignup"/>
  <system-out/>
  <testcase name="searchItem" time="10.506" classname="testngEx.DanubeSignup"/>
  <system-out/>
</testsuite> <!-- testngEx.DanubeSignup -->
