<?xml version="1.0" encoding="UTF-8"?>
<!-- Generated by org.testng.reporters.JUnitReportReporter -->
<testsuite skipped="0" hostname="DESKTOP-KUVK3PK" name="testngScripts.PropertyFiles" tests="2" failures="0" timestamp="2023-03-01T11:25:00 IST" time="25.480" errors="0">
  <testcase name="javaSearchTest" time="14.707" classname="testngScripts.PropertyFiles"/>
  <system-out/>
  <testcase name="seleniumSearchTest" time="10.773" classname="testngScripts.PropertyFiles"/>
  <system-out/>
</testsuite> <!-- testngScripts.PropertyFiles -->
