<?xml version="1.0" encoding="UTF-8"?>
<!-- Generated by org.testng.reporters.JUnitReportReporter -->
<testsuite skipped="0" hostname="DESKTOP-KUVK3PK" name="parallelScripts.SampleOneTest" tests="5" failures="0" timestamp="2023-03-03T11:51:43 IST" time="0.079" errors="0">
  <testcase name="testFour" time="0.009" classname="parallelScripts.SampleOneTest"/>
  <system-out/>
  <testcase name="testThree" time="0.009" classname="parallelScripts.SampleOneTest"/>
  <system-out/>
  <testcase name="testOne" time="0.016" classname="parallelScripts.SampleOneTest"/>
  <system-out/>
  <testcase name="testTwo" time="0.007" classname="parallelScripts.SampleOneTest"/>
  <system-out/>
  <testcase name="testFive" time="0.038" classname="parallelScripts.SampleOneTest"/>
  <system-out/>
</testsuite> <!-- parallelScripts.SampleOneTest -->
