<?xml version="1.0" encoding="UTF-8"?>
<!-- Generated by org.testng.reporters.JUnitReportReporter -->
<testsuite skipped="0" hostname="DESKTOP-KUVK3PK" name="parallelScripts.SampleTwoTest" tests="5" failures="0" timestamp="2023-03-03T11:51:43 IST" time="0.073" errors="0">
  <testcase name="testFour" time="0.006" classname="parallelScripts.SampleTwoTest"/>
  <system-out/>
  <testcase name="testFive" time="0.033" classname="parallelScripts.SampleTwoTest"/>
  <system-out/>
  <testcase name="testOne" time="0.013" classname="parallelScripts.SampleTwoTest"/>
  <system-out/>
  <testcase name="testTwo" time="0.005" classname="parallelScripts.SampleTwoTest"/>
  <system-out/>
  <testcase name="testThree" time="0.016" classname="parallelScripts.SampleTwoTest"/>
  <system-out/>
</testsuite> <!-- parallelScripts.SampleTwoTest -->
