<?xml version="1.0" encoding="UTF-8"?>
<!-- Generated by org.testng.reporters.JUnitReportReporter -->
<testsuite skipped="0" hostname="DESKTOP-KUVK3PK" name="parallelScripts.SampleThreeTest" tests="5" failures="0" timestamp="2023-03-02T19:38:02 IST" time="0.141" errors="0">
  <testcase name="testOne" time="0.004" classname="parallelScripts.SampleThreeTest"/>
  <system-out/>
  <testcase name="testFive" time="0.068" classname="parallelScripts.SampleThreeTest"/>
  <system-out/>
  <testcase name="testFour" time="0.022" classname="parallelScripts.SampleThreeTest"/>
  <system-out/>
  <testcase name="testTwo" time="0.037" classname="parallelScripts.SampleThreeTest"/>
  <system-out/>
  <testcase name="testThree" time="0.010" classname="parallelScripts.SampleThreeTest"/>
  <system-out/>
</testsuite> <!-- parallelScripts.SampleThreeTest -->
