<?xml version="1.0" encoding="UTF-8"?>
<!-- Generated by org.testng.reporters.JUnitReportReporter -->
<testsuite skipped="0" hostname="DESKTOP-KUVK3PK" name="testngScripts.FileUploadTest" tests="1" failures="0" timestamp="2023-03-01T10:54:11 IST" time="28.395" errors="0">
  <testcase name="fileUploadTest" time="28.395" classname="testngScripts.FileUploadTest"/>
  <system-out/>
</testsuite> <!-- testngScripts.FileUploadTest -->
