<?xml version="1.0" encoding="UTF-8"?>
<!-- Generated by org.testng.reporters.JUnitReportReporter -->
<testsuite skipped="0" hostname="DESKTOP-KUVK3PK" name="testngScripts.FileDownloadTest" tests="1" failures="0" timestamp="2023-02-28T19:25:52 IST" time="39.614" errors="0">
  <testcase name="downloadFile" time="39.614" classname="testngScripts.FileDownloadTest"/>
  <system-out/>
</testsuite> <!-- testngScripts.FileDownloadTest -->
