<?xml version="1.0" encoding="UTF-8"?>
<!-- Generated by org.testng.reporters.JUnitReportReporter -->
<testsuite skipped="0" hostname="DESKTOP-KUVK3PK" name="testngEx.DanubeStore" tests="2" failures="0" timestamp="2023-03-02T21:06:34 IST" time="20.804" errors="0">
  <testcase name="signUp" time="10.213" classname="testngEx.DanubeStore"/>
  <system-out/>
  <testcase name="searchItem" time="10.591" classname="testngEx.DanubeStore"/>
  <system-out/>
</testsuite> <!-- testngEx.DanubeStore -->
